<?xml version="1.0" encoding="UTF-8"?>
<!-- Generated by org.testng.reporters.JUnitReportReporter -->
<testsuite hostname="cel01064" name="screenShotExample" tests="1" failures="0" timestamp="1 Nov 2018 08:59:12 GMT" time="24.785" errors="0">
  <testcase name="screenShotExample" time="24.785" classname="screenShotExample"/>
</testsuite> <!-- screenShotExample -->
